<?xml version="1.0" encoding="UTF-8"?>
<testsuite name="br.com.codenation.desafioexe.DesafioApplicationSubmitTest" tests="6" skipped="0" failures="0" errors="0" timestamp="2020-04-20T00:34:14" hostname="marcio-linux" time="0.014">
  <properties/>
  <testcase name="fibonacciTemTamanho15" classname="br.com.codenation.desafioexe.DesafioApplicationSubmitTest" time="0.004"/>
  <testcase name="isNotFibonacci12" classname="br.com.codenation.desafioexe.DesafioApplicationSubmitTest" time="0.002"/>
  <testcase name="isFibonacci377" classname="br.com.codenation.desafioexe.DesafioApplicationSubmitTest" time="0.002"/>
  <testcase name="fibonacciSequenciaCorreta" classname="br.com.codenation.desafioexe.DesafioApplicationSubmitTest" time="0.002"/>
  <testcase name="isNotFibonacci355" classname="br.com.codenation.desafioexe.DesafioApplicationSubmitTest" time="0.002"/>
  <testcase name="isFibonacci13" classname="br.com.codenation.desafioexe.DesafioApplicationSubmitTest" time="0.001"/>
  <system-out><![CDATA[1
2
3
5
8
13
21
34
55
89
144
233
377
1
2
3
5
8
13
21
34
55
89
144
233
377
1
2
3
5
8
13
21
34
55
89
144
233
377
1
2
3
5
8
13
21
34
55
89
144
233
377
1
2
3
5
8
13
21
34
55
89
144
233
377
1
2
3
5
8
13
21
34
55
89
144
233
377
]]></system-out>
  <system-err><![CDATA[]]></system-err>
</testsuite>
